20-09-09 22:33-INFO-KEYWORD: 字节跳动 数据分析
20-09-09 22:33-INFO-Page 1:
20-09-09 22:33-DEBUG-Starting new HTTPS connection (1): maimai.cn:443
20-09-09 22:33-DEBUG-https://maimai.cn:443 "GET /search/contacts?count=20&page=1&query=%E5%AD%97%E8%8A%82%E8%B7%B3%E5%8A%A8+%E6%95%B0%E6%8D%AE%E5%88%86%E6%9E%90&dist=0&highlight=true&jsononly=1&pc=1 HTTP/1.1" 200 6481
20-09-09 22:33-DEBUG-Starting new HTTPS connection (1): maimai.cn:443
20-09-09 22:33-DEBUG-https://maimai.cn:443 "GET /contact/detail/eyJhbGciOiJIUzI1NiIsInR5cCI6IkpXVCJ9.eyJ1IjoyMjg3MTM5MzUsInQiOiJjdHQiLCJsZXZlbCI6MH0.IH1flnftD3BYQv5dfrDw0NlHhXP9X4oVmylFog_qWiw HTTP/1.1" 200 8287
20-09-09 22:33-DEBUG-Starting new HTTPS connection (1): maimai.cn:443
20-09-09 22:33-DEBUG-https://maimai.cn:443 "GET /contact/detail/eyJhbGciOiJIUzI1NiIsInR5cCI6IkpXVCJ9.eyJ1IjoyMzA1NTk0NjMsInQiOiJjdHQiLCJsZXZlbCI6MH0.JopIMj_eItZgE9W_lD3UzNn3mkdbEKtf5QX_zvAUdW8 HTTP/1.1" 200 9552
20-09-09 22:33-DEBUG-Starting new HTTPS connection (1): maimai.cn:443
20-09-09 22:33-DEBUG-https://maimai.cn:443 "GET /contact/detail/eyJhbGciOiJIUzI1NiIsInR5cCI6IkpXVCJ9.eyJ1IjoxOTg0Njg3ODAsInQiOiJjdHQiLCJsZXZlbCI6MH0.0ebJG8-EPm5D_kI7LW2QhbK2lhW5p8RaE6NhGNVG0xc HTTP/1.1" 200 8120
20-09-09 22:34-DEBUG-Starting new HTTPS connection (1): maimai.cn:443
20-09-09 22:34-DEBUG-https://maimai.cn:443 "GET /contact/detail/eyJhbGciOiJIUzI1NiIsInR5cCI6IkpXVCJ9.eyJ1IjoyMjg0NTc1MzgsInQiOiJjdHQiLCJsZXZlbCI6MH0.P3pk8-e1eTdfypGCIQ7pP6MXzi2LM7U14V2ahEP7Uxw HTTP/1.1" 200 8795
20-09-09 22:34-DEBUG-Starting new HTTPS connection (1): maimai.cn:443
20-09-09 22:34-DEBUG-https://maimai.cn:443 "GET /contact/detail/eyJhbGciOiJIUzI1NiIsInR5cCI6IkpXVCJ9.eyJ1IjoxODE2NjU0NDcsInQiOiJjdHQiLCJsZXZlbCI6MH0.2aDr9IrjBudrkpTLWpLV7BpK3EYq_2ttgRWZvUStP3g HTTP/1.1" 200 8078
20-09-09 22:34-DEBUG-Starting new HTTPS connection (1): maimai.cn:443
20-09-09 22:34-DEBUG-https://maimai.cn:443 "GET /contact/detail/eyJhbGciOiJIUzI1NiIsInR5cCI6IkpXVCJ9.eyJ1IjoxNzEzMjY3ODIsInQiOiJjdHQiLCJsZXZlbCI6MH0.6z6SeTCcOdBnTfCJP4BsZ5qiJOLKWkLkHVghEEc_jDE HTTP/1.1" 200 9333
20-09-09 22:35-DEBUG-Starting new HTTPS connection (1): maimai.cn:443
20-09-09 22:35-DEBUG-https://maimai.cn:443 "GET /contact/detail/eyJhbGciOiJIUzI1NiIsInR5cCI6IkpXVCJ9.eyJ1IjoyMzAwNDU3MjcsInQiOiJjdHQiLCJsZXZlbCI6MH0.ZUjsduU7e7j9aLHC3XK0pRkHsBPVBgfvFhFTW_GQV2s HTTP/1.1" 200 8464
20-09-09 22:35-DEBUG-Starting new HTTPS connection (1): maimai.cn:443
20-09-09 22:35-DEBUG-https://maimai.cn:443 "GET /contact/detail/eyJhbGciOiJIUzI1NiIsInR5cCI6IkpXVCJ9.eyJ1IjoyMDg0MjU5MDUsInQiOiJjdHQiLCJsZXZlbCI6MH0.z_uND52jFFl-Oa6obUUCwCO_OxLmp4GTM0qn5TtMy80 HTTP/1.1" 200 8955
20-09-09 22:35-DEBUG-Starting new HTTPS connection (1): maimai.cn:443
20-09-09 22:35-DEBUG-https://maimai.cn:443 "GET /contact/detail/eyJhbGciOiJIUzI1NiIsInR5cCI6IkpXVCJ9.eyJ1IjoxNDQ4MTIzODIsInQiOiJjdHQiLCJsZXZlbCI6MH0.K93SXcNvUzvHrRxEYO4Rb6hyubMeZ1mJWn0IYp98CrE HTTP/1.1" 200 8735
20-09-09 22:36-DEBUG-Starting new HTTPS connection (1): maimai.cn:443
20-09-09 22:36-DEBUG-https://maimai.cn:443 "GET /contact/detail/eyJhbGciOiJIUzI1NiIsInR5cCI6IkpXVCJ9.eyJ1IjoyMzE0MDQ2NDcsInQiOiJjdHQiLCJsZXZlbCI6MH0.UIFpxt2mnt5Cp_7bikzoxZ1n1v-eFWmMUUGwy6ZW4YM HTTP/1.1" 200 8134
20-09-09 22:36-DEBUG-Starting new HTTPS connection (1): maimai.cn:443
20-09-09 22:36-DEBUG-https://maimai.cn:443 "GET /contact/detail/eyJhbGciOiJIUzI1NiIsInR5cCI6IkpXVCJ9.eyJ1IjoxOTM1MzIyMzQsInQiOiJjdHQiLCJsZXZlbCI6MH0.NGjxEmdnSbjpcsQxhhw_zQPjle9cYCztGf7vIUOF0yQ HTTP/1.1" 200 8360
20-09-09 22:36-DEBUG-Starting new HTTPS connection (1): maimai.cn:443
20-09-09 22:36-DEBUG-https://maimai.cn:443 "GET /contact/detail/eyJhbGciOiJIUzI1NiIsInR5cCI6IkpXVCJ9.eyJ1IjozODIxNjk3OCwidCI6ImN0dCIsImxldmVsIjowfQ.5KGrlw4m56u07px8xGZHiIClPekyzJVQlRHvmNNfDfE HTTP/1.1" 200 8992
20-09-09 22:37-DEBUG-Starting new HTTPS connection (1): maimai.cn:443
20-09-09 22:37-DEBUG-https://maimai.cn:443 "GET /contact/detail/eyJhbGciOiJIUzI1NiIsInR5cCI6IkpXVCJ9.eyJ1IjoxNjU0NjM0MTMsInQiOiJjdHQiLCJsZXZlbCI6MH0.kUL2aSLyUFOZ-kVJ-8isysOEJCz4NR6n1B9eqYP-rms HTTP/1.1" 200 9438
20-09-09 22:37-DEBUG-Starting new HTTPS connection (1): maimai.cn:443
20-09-09 22:37-DEBUG-https://maimai.cn:443 "GET /contact/detail/eyJhbGciOiJIUzI1NiIsInR5cCI6IkpXVCJ9.eyJ1IjoyMzE0MjQzMzEsInQiOiJjdHQiLCJsZXZlbCI6MH0.ShET_xs2sRMjaZzQsZJ-vr_Rmg_C7kZKM7_VJ4fW2pM HTTP/1.1" 200 8055
20-09-09 22:37-DEBUG-Starting new HTTPS connection (1): maimai.cn:443
20-09-09 22:37-DEBUG-https://maimai.cn:443 "GET /contact/detail/eyJhbGciOiJIUzI1NiIsInR5cCI6IkpXVCJ9.eyJ1IjoyMTk0NjE0MzksInQiOiJjdHQiLCJsZXZlbCI6MH0.gi8uV3SXrX-0K39YjsOw_nRVQFJ76vkrdxpmLLC0Zxg HTTP/1.1" 200 8318
20-09-09 22:38-DEBUG-Starting new HTTPS connection (1): maimai.cn:443
20-09-09 22:38-DEBUG-https://maimai.cn:443 "GET /contact/detail/eyJhbGciOiJIUzI1NiIsInR5cCI6IkpXVCJ9.eyJ1Ijo2MzY2MTU1MSwidCI6ImN0dCIsImxldmVsIjowfQ.D7hyabV-S9DPJpd1BZQnM1Fnb64PRoMN8HDW2bE_ohY HTTP/1.1" 200 8878
20-09-09 22:38-DEBUG-Starting new HTTPS connection (1): maimai.cn:443
20-09-09 22:38-DEBUG-https://maimai.cn:443 "GET /contact/detail/eyJhbGciOiJIUzI1NiIsInR5cCI6IkpXVCJ9.eyJ1IjoyMjgxMzE5OTEsInQiOiJjdHQiLCJsZXZlbCI6MH0.NeSG83CmXVAJScHW_rWvAC2qCoCM32Cok20mqYtfIhM HTTP/1.1" 200 7693
20-09-09 22:38-DEBUG-Starting new HTTPS connection (1): maimai.cn:443
20-09-09 22:38-DEBUG-https://maimai.cn:443 "GET /contact/detail/eyJhbGciOiJIUzI1NiIsInR5cCI6IkpXVCJ9.eyJ1IjoyMzAyMjkxNzMsInQiOiJjdHQiLCJsZXZlbCI6MH0.gefXlEJJXGL-BvN85kDekNU3QVokF-M9UVMBHfLu7vQ HTTP/1.1" 200 7640
20-09-09 22:38-DEBUG-Starting new HTTPS connection (1): maimai.cn:443
20-09-09 22:38-DEBUG-https://maimai.cn:443 "GET /contact/detail/eyJhbGciOiJIUzI1NiIsInR5cCI6IkpXVCJ9.eyJ1IjozOTgwODM1OCwidCI6ImN0dCIsImxldmVsIjowfQ.9jR05YFVLU_juy1j9Nz2PwgeGy9G9JCjSLhIHa6yApo HTTP/1.1" 200 8741
20-09-09 22:39-DEBUG-Starting new HTTPS connection (1): maimai.cn:443
20-09-09 22:39-DEBUG-https://maimai.cn:443 "GET /contact/detail/eyJhbGciOiJIUzI1NiIsInR5cCI6IkpXVCJ9.eyJ1IjoyMjk0NDczMjMsInQiOiJjdHQiLCJsZXZlbCI6MH0.5a1PEzUo_kFemmt0ic8lOxaDUP_MkOp-PMl_1S5aT1s HTTP/1.1" 200 8085
20-09-09 22:39-INFO-KEYWORD: 字节跳动 数据分析
20-09-09 22:39-INFO-Page 2:
20-09-09 22:39-DEBUG-Starting new HTTPS connection (1): maimai.cn:443
20-09-09 22:39-DEBUG-https://maimai.cn:443 "GET /search/contacts?count=20&page=2&query=%E5%AD%97%E8%8A%82%E8%B7%B3%E5%8A%A8+%E6%95%B0%E6%8D%AE%E5%88%86%E6%9E%90&dist=0&highlight=true&jsononly=1&pc=1 HTTP/1.1" 200 6519
20-09-09 22:39-DEBUG-Starting new HTTPS connection (1): maimai.cn:443
20-09-09 22:39-DEBUG-https://maimai.cn:443 "GET /contact/detail/eyJhbGciOiJIUzI1NiIsInR5cCI6IkpXVCJ9.eyJ1IjoyMzAyMTQyMTQsInQiOiJjdHQiLCJsZXZlbCI6MH0.6KQYSBoMjc4qGBlhE60DSdkC3yX__wrqug33CPFKBPg HTTP/1.1" 200 7614
20-09-09 22:39-DEBUG-Starting new HTTPS connection (1): maimai.cn:443
20-09-09 22:39-DEBUG-https://maimai.cn:443 "GET /contact/detail/eyJhbGciOiJIUzI1NiIsInR5cCI6IkpXVCJ9.eyJ1Ijo2ODk3NzA4MCwidCI6ImN0dCIsImxldmVsIjowfQ.feSswnWDN37VlCtMJyRi-6_2houByNjQHXu7GQut7Rg HTTP/1.1" 200 8039
20-09-09 22:40-DEBUG-Starting new HTTPS connection (1): maimai.cn:443
20-09-09 22:40-DEBUG-https://maimai.cn:443 "GET /contact/detail/eyJhbGciOiJIUzI1NiIsInR5cCI6IkpXVCJ9.eyJ1IjoyMzA3NTkyODUsInQiOiJjdHQiLCJsZXZlbCI6MH0.wIvofultgiDMXlPIGEYUSPrtetYuU1hXv9o_yN_JJ8w HTTP/1.1" 200 7996
20-09-09 22:40-DEBUG-Starting new HTTPS connection (1): maimai.cn:443
20-09-09 22:40-DEBUG-https://maimai.cn:443 "GET /contact/detail/eyJhbGciOiJIUzI1NiIsInR5cCI6IkpXVCJ9.eyJ1IjoyMzA3ODUyNDAsInQiOiJjdHQiLCJsZXZlbCI6MH0.8KvSVYEvRUnE7uESB5bAIrHUg0oIHVBwl1tNzYlV6iw HTTP/1.1" 200 7543
20-09-09 22:40-DEBUG-Starting new HTTPS connection (1): maimai.cn:443
20-09-09 22:40-DEBUG-https://maimai.cn:443 "GET /contact/detail/eyJhbGciOiJIUzI1NiIsInR5cCI6IkpXVCJ9.eyJ1Ijo4MzEzNDM1MSwidCI6ImN0dCIsImxldmVsIjowfQ.vhrMdvQ6YdrGnsD3q7o-YZ89Alm6WA6DSpsbDb6FRYo HTTP/1.1" 200 11354
20-09-09 22:41-DEBUG-Starting new HTTPS connection (1): maimai.cn:443
20-09-09 22:41-DEBUG-https://maimai.cn:443 "GET /contact/detail/eyJhbGciOiJIUzI1NiIsInR5cCI6IkpXVCJ9.eyJ1IjoyMjYzMjUyMzYsInQiOiJjdHQiLCJsZXZlbCI6MH0.KkIPO8Liu5hcI0cNjE8QkcznsNR9ST7zquMRrGsc03E HTTP/1.1" 200 7808
20-09-09 22:41-DEBUG-Starting new HTTPS connection (1): maimai.cn:443
20-09-09 22:41-DEBUG-https://maimai.cn:443 "GET /contact/detail/eyJhbGciOiJIUzI1NiIsInR5cCI6IkpXVCJ9.eyJ1IjoyMjk0Mzk2MjMsInQiOiJjdHQiLCJsZXZlbCI6MH0.8tGHVJMshOPwD6Es58NzOoAh4akp9rPkgvjnBDcPpGc HTTP/1.1" 200 8802
20-09-09 22:41-DEBUG-Starting new HTTPS connection (1): maimai.cn:443
20-09-09 22:41-DEBUG-https://maimai.cn:443 "GET /contact/detail/eyJhbGciOiJIUzI1NiIsInR5cCI6IkpXVCJ9.eyJ1IjozOTI1MDE5NSwidCI6ImN0dCIsImxldmVsIjowfQ.RX0OC07wk-EHWX4a4hWT9vqvrsZTEiMjrrxFdPYhnmU HTTP/1.1" 200 8317
20-09-09 22:42-DEBUG-Starting new HTTPS connection (1): maimai.cn:443
20-09-09 22:42-DEBUG-https://maimai.cn:443 "GET /contact/detail/eyJhbGciOiJIUzI1NiIsInR5cCI6IkpXVCJ9.eyJ1IjoxOTIwNzY4NTAsInQiOiJjdHQiLCJsZXZlbCI6MH0.kzaKyfxmD5pXTmnnzbuUMt3gsWNmvJO0crP4gPjsC88 HTTP/1.1" 200 7887
20-09-09 22:42-DEBUG-Starting new HTTPS connection (1): maimai.cn:443
20-09-09 22:42-DEBUG-https://maimai.cn:443 "GET /contact/detail/eyJhbGciOiJIUzI1NiIsInR5cCI6IkpXVCJ9.eyJ1IjoyMjc1NDA0NTEsInQiOiJjdHQiLCJsZXZlbCI6MH0.crFEwnIBg4kHTSYKUFg0d-jvOYONfSEDtF4uljdDxqw HTTP/1.1" 200 8171
20-09-09 22:42-DEBUG-Starting new HTTPS connection (1): maimai.cn:443
20-09-09 22:42-DEBUG-https://maimai.cn:443 "GET /contact/detail/eyJhbGciOiJIUzI1NiIsInR5cCI6IkpXVCJ9.eyJ1IjoxOTM4ODQxNzgsInQiOiJjdHQiLCJsZXZlbCI6MH0.XtJTpi7guV7ojk3JtY6b9-NvkIwhvn2QdXdx9vex_Gs HTTP/1.1" 200 8539
20-09-09 22:43-DEBUG-Starting new HTTPS connection (1): maimai.cn:443
20-09-09 22:43-DEBUG-https://maimai.cn:443 "GET /contact/detail/eyJhbGciOiJIUzI1NiIsInR5cCI6IkpXVCJ9.eyJ1IjozODExNjA4MiwidCI6ImN0dCIsImxldmVsIjowfQ.xqBB_F4N8F9yJEYAbNIJtGhxRC4ZpI5H1hG3lnvc_NU HTTP/1.1" 200 8859
20-09-09 22:43-DEBUG-Starting new HTTPS connection (1): maimai.cn:443
20-09-09 22:43-DEBUG-https://maimai.cn:443 "GET /contact/detail/eyJhbGciOiJIUzI1NiIsInR5cCI6IkpXVCJ9.eyJ1IjoyMzE1NDcxNTcsInQiOiJjdHQiLCJsZXZlbCI6MH0.Z13iCosFeM9tI7fVjWGM81Uuh6LWcE6BK2wxlNJiBv8 HTTP/1.1" 200 7300
20-09-09 22:43-DEBUG-Starting new HTTPS connection (1): maimai.cn:443
20-09-09 22:43-DEBUG-https://maimai.cn:443 "GET /contact/detail/eyJhbGciOiJIUzI1NiIsInR5cCI6IkpXVCJ9.eyJ1IjoyMjcwNjIzMTEsInQiOiJjdHQiLCJsZXZlbCI6MH0.yH_GXk4IBftPgYIHXL6s7z5zCKJa-2xMm8We3ZmSCDY HTTP/1.1" 200 7624
20-09-09 22:44-DEBUG-Starting new HTTPS connection (1): maimai.cn:443
20-09-09 22:44-DEBUG-https://maimai.cn:443 "GET /contact/detail/eyJhbGciOiJIUzI1NiIsInR5cCI6IkpXVCJ9.eyJ1IjoyMzExODc2MzYsInQiOiJjdHQiLCJsZXZlbCI6MH0.BwMxTvpz860Bi61sERyyLGOX-_qLHSVtD8O3QZzEkQU HTTP/1.1" 200 8263
20-09-09 22:44-DEBUG-Starting new HTTPS connection (1): maimai.cn:443
20-09-09 22:44-DEBUG-https://maimai.cn:443 "GET /contact/detail/eyJhbGciOiJIUzI1NiIsInR5cCI6IkpXVCJ9.eyJ1IjozODM3Njc2MCwidCI6ImN0dCIsImxldmVsIjowfQ.zAlwdPJLa33PfLfK_FF0JR7GSIZFshMPsX5V5H4vox0 HTTP/1.1" 200 7998
20-09-09 22:44-DEBUG-Starting new HTTPS connection (1): maimai.cn:443
20-09-09 22:44-DEBUG-https://maimai.cn:443 "GET /contact/detail/eyJhbGciOiJIUzI1NiIsInR5cCI6IkpXVCJ9.eyJ1IjoxOTE3MDc3OTMsInQiOiJjdHQiLCJsZXZlbCI6MH0.wdM-yn-8v739f42GalGwfHJTOrhMCA-lnSR9VZok8R8 HTTP/1.1" 200 9299
20-09-09 22:45-DEBUG-Starting new HTTPS connection (1): maimai.cn:443
20-09-09 22:45-DEBUG-https://maimai.cn:443 "GET /contact/detail/eyJhbGciOiJIUzI1NiIsInR5cCI6IkpXVCJ9.eyJ1IjoyMzA0MjkyMzYsInQiOiJjdHQiLCJsZXZlbCI6MH0.9TktZ_ztzTam98a4WaEei507K1dyssGkTnYPC0PlI7Q HTTP/1.1" 200 7834
20-09-09 22:45-DEBUG-Starting new HTTPS connection (1): maimai.cn:443
20-09-09 22:45-DEBUG-https://maimai.cn:443 "GET /contact/detail/eyJhbGciOiJIUzI1NiIsInR5cCI6IkpXVCJ9.eyJ1IjozOTcwNzg2MCwidCI6ImN0dCIsImxldmVsIjowfQ.ByK_9f4rjlKfFiPXVAtEyM8V81nxFxMixLOowkoh42o HTTP/1.1" 200 8342
20-09-09 22:45-DEBUG-Starting new HTTPS connection (1): maimai.cn:443
20-09-09 22:45-DEBUG-https://maimai.cn:443 "GET /contact/detail/eyJhbGciOiJIUzI1NiIsInR5cCI6IkpXVCJ9.eyJ1IjoyMzE0MjIwNjAsInQiOiJjdHQiLCJsZXZlbCI6MH0.WL9Y5ihTFY399WrhPMX6buuZSm0PkHXnjTjsTRyKjSc HTTP/1.1" 200 7781
20-09-09 22:45-INFO-KEYWORD: 字节跳动 数据分析
20-09-09 22:45-INFO-Page 3:
20-09-09 22:45-DEBUG-Starting new HTTPS connection (1): maimai.cn:443
20-09-09 22:45-DEBUG-https://maimai.cn:443 "GET /search/contacts?count=20&page=3&query=%E5%AD%97%E8%8A%82%E8%B7%B3%E5%8A%A8+%E6%95%B0%E6%8D%AE%E5%88%86%E6%9E%90&dist=0&highlight=true&jsononly=1&pc=1 HTTP/1.1" 200 6604
20-09-09 22:45-DEBUG-Starting new HTTPS connection (1): maimai.cn:443
20-09-09 22:45-DEBUG-https://maimai.cn:443 "GET /contact/detail/eyJhbGciOiJIUzI1NiIsInR5cCI6IkpXVCJ9.eyJ1Ijo0MDgyOTYsInQiOiJjdHQiLCJsZXZlbCI6MH0.B99XBsJda1iZyjlm6nsYVTGImDy1meDdlaeJioxExTY HTTP/1.1" 200 8149
20-09-09 22:46-DEBUG-Starting new HTTPS connection (1): maimai.cn:443
20-09-09 22:46-DEBUG-https://maimai.cn:443 "GET /contact/detail/eyJhbGciOiJIUzI1NiIsInR5cCI6IkpXVCJ9.eyJ1Ijo2ODM2ODUzMCwidCI6ImN0dCIsImxldmVsIjowfQ.8XmwFtCHmTiZgt9H7oZizKuETjOVwKBChYmJf7wA5jg HTTP/1.1" 200 7897
20-09-09 22:46-DEBUG-Starting new HTTPS connection (1): maimai.cn:443
20-09-09 22:46-DEBUG-https://maimai.cn:443 "GET /contact/detail/eyJhbGciOiJIUzI1NiIsInR5cCI6IkpXVCJ9.eyJ1Ijo3MzAxMzYxOCwidCI6ImN0dCIsImxldmVsIjowfQ.i5ftOsAs5DYne25P_5DSmmpEUQST3EE_7BQAKlDnEtw HTTP/1.1" 200 8664
20-09-09 22:46-DEBUG-Starting new HTTPS connection (1): maimai.cn:443
20-09-09 22:46-DEBUG-https://maimai.cn:443 "GET /contact/detail/eyJhbGciOiJIUzI1NiIsInR5cCI6IkpXVCJ9.eyJ1IjozNzA4NTc1OSwidCI6ImN0dCIsImxldmVsIjowfQ.SNIbob7hlPq9uA0pWmCzWLA1LlbqZgSSFmV0Qjon_Z8 HTTP/1.1" 200 8633
20-09-09 22:47-DEBUG-Starting new HTTPS connection (1): maimai.cn:443
20-09-09 22:47-DEBUG-https://maimai.cn:443 "GET /contact/detail/eyJhbGciOiJIUzI1NiIsInR5cCI6IkpXVCJ9.eyJ1IjoyMzE0OTU1MTksInQiOiJjdHQiLCJsZXZlbCI6MH0.oEeWog-qJjTTHATzew7z7EmaSejNu6NFPoQtTTcxqDs HTTP/1.1" 200 7568
20-09-09 22:47-DEBUG-Starting new HTTPS connection (1): maimai.cn:443
20-09-09 22:47-DEBUG-https://maimai.cn:443 "GET /contact/detail/eyJhbGciOiJIUzI1NiIsInR5cCI6IkpXVCJ9.eyJ1IjoyMjg3NjE0NjksInQiOiJjdHQiLCJsZXZlbCI6MH0.2TCzvMRLEuuOPWba6N8hpIN5oB7zQflmAeirJgqHzQs HTTP/1.1" 200 8311
20-09-09 22:47-DEBUG-Starting new HTTPS connection (1): maimai.cn:443
20-09-09 22:47-DEBUG-https://maimai.cn:443 "GET /contact/detail/eyJhbGciOiJIUzI1NiIsInR5cCI6IkpXVCJ9.eyJ1IjoyMzA1NTA2MjIsInQiOiJjdHQiLCJsZXZlbCI6MH0.O0B-gaJZakwEVlgACGd7NfhbJqEKAnJXxseX6JXBdIc HTTP/1.1" 200 7845
20-09-09 22:48-DEBUG-Starting new HTTPS connection (1): maimai.cn:443
20-09-09 22:48-DEBUG-https://maimai.cn:443 "GET /contact/detail/eyJhbGciOiJIUzI1NiIsInR5cCI6IkpXVCJ9.eyJ1IjozODA0MDYxNywidCI6ImN0dCIsImxldmVsIjowfQ.KD2_hjscBmdzKfz-ZzUszy1pytvvmaZmBpcSWSxQJTM HTTP/1.1" 200 9194
20-09-09 22:48-DEBUG-Starting new HTTPS connection (1): maimai.cn:443
20-09-09 22:48-DEBUG-https://maimai.cn:443 "GET /contact/detail/eyJhbGciOiJIUzI1NiIsInR5cCI6IkpXVCJ9.eyJ1IjozNzcyMjM0NiwidCI6ImN0dCIsImxldmVsIjowfQ.b1T3clja2bRaCvz_sjsVZ5td_dFMwgJrR8HAHa7pAMY HTTP/1.1" 200 8656
20-09-09 22:48-DEBUG-Starting new HTTPS connection (1): maimai.cn:443
20-09-09 22:48-DEBUG-https://maimai.cn:443 "GET /contact/detail/eyJhbGciOiJIUzI1NiIsInR5cCI6IkpXVCJ9.eyJ1IjozNDM4MTY4LCJ0IjoiY3R0IiwibGV2ZWwiOjB9.idRBYdzlUyK5WPv5UnPKcf78FVBJHY-vsLl_cDXPUfE HTTP/1.1" 200 10142
20-09-09 22:49-DEBUG-Starting new HTTPS connection (1): maimai.cn:443
20-09-09 22:49-DEBUG-https://maimai.cn:443 "GET /contact/detail/eyJhbGciOiJIUzI1NiIsInR5cCI6IkpXVCJ9.eyJ1IjoyMjk5NzQwMjUsInQiOiJjdHQiLCJsZXZlbCI6MH0.ZOGIppfp2gO32Ssjgp0B6hkRBjMJoy4BClA0Vc-Lafs HTTP/1.1" 200 8016
20-09-09 22:49-DEBUG-Starting new HTTPS connection (1): maimai.cn:443
20-09-09 22:49-DEBUG-https://maimai.cn:443 "GET /contact/detail/eyJhbGciOiJIUzI1NiIsInR5cCI6IkpXVCJ9.eyJ1IjoxOTIyOTI0NzYsInQiOiJjdHQiLCJsZXZlbCI6MH0.-8g6-3ZgiiIiYGb3NkQrLPzFzGUAHw1IVJHTdxkChgc HTTP/1.1" 200 7968
20-09-09 22:49-DEBUG-Starting new HTTPS connection (1): maimai.cn:443
20-09-09 22:49-DEBUG-https://maimai.cn:443 "GET /contact/detail/eyJhbGciOiJIUzI1NiIsInR5cCI6IkpXVCJ9.eyJ1IjoyMjIwNTMyMTIsInQiOiJjdHQiLCJsZXZlbCI6MH0.P1ybhE_hTuP8TkV2GNMF9MPCmxXxaj7TX4XoDDic75I HTTP/1.1" 200 7496
20-09-09 22:50-DEBUG-Starting new HTTPS connection (1): maimai.cn:443
20-09-09 22:50-DEBUG-https://maimai.cn:443 "GET /contact/detail/eyJhbGciOiJIUzI1NiIsInR5cCI6IkpXVCJ9.eyJ1IjoyMjM1NTI2OTAsInQiOiJjdHQiLCJsZXZlbCI6MH0.NPuNGI-ypUfuk6Q3q2e7NhLb1EodnyMsUMYs3i21pTw HTTP/1.1" 200 7376
20-09-09 22:50-DEBUG-Starting new HTTPS connection (1): maimai.cn:443
20-09-09 22:50-DEBUG-https://maimai.cn:443 "GET /contact/detail/eyJhbGciOiJIUzI1NiIsInR5cCI6IkpXVCJ9.eyJ1IjoyMjk1NDY2ODQsInQiOiJjdHQiLCJsZXZlbCI6MH0.CmSjguDni0WYQwxxVEY4EoFBTIJ3gWIfs-ic5ZgGZbw HTTP/1.1" 200 7890
20-09-09 22:50-DEBUG-Starting new HTTPS connection (1): maimai.cn:443
20-09-09 22:50-DEBUG-https://maimai.cn:443 "GET /contact/detail/eyJhbGciOiJIUzI1NiIsInR5cCI6IkpXVCJ9.eyJ1IjoxNTkxNzg5NjAsInQiOiJjdHQiLCJsZXZlbCI6MH0.gImL2ZrfvwDpBp5iTg-t0D22uWAN1XuPn9xrjbNpbtY HTTP/1.1" 200 8167
20-09-09 22:51-DEBUG-Starting new HTTPS connection (1): maimai.cn:443
20-09-09 22:51-DEBUG-https://maimai.cn:443 "GET /contact/detail/eyJhbGciOiJIUzI1NiIsInR5cCI6IkpXVCJ9.eyJ1IjoxMjk1MzQ1MDcsInQiOiJjdHQiLCJsZXZlbCI6MH0.o6B_PYptZqB8x1RzWjAHhBLTHyhMRdY4jGJAtptWlM4 HTTP/1.1" 200 7898
20-09-09 22:51-DEBUG-Starting new HTTPS connection (1): maimai.cn:443
20-09-09 22:51-DEBUG-https://maimai.cn:443 "GET /contact/detail/eyJhbGciOiJIUzI1NiIsInR5cCI6IkpXVCJ9.eyJ1IjoxNjU5NzQ4OTAsInQiOiJjdHQiLCJsZXZlbCI6MH0.D_SFw97K5yOjVF2EZ5munTRw9GxVPVIw5ouyvZgU2l0 HTTP/1.1" 200 9142
20-09-09 22:51-DEBUG-Starting new HTTPS connection (1): maimai.cn:443
20-09-09 22:51-DEBUG-https://maimai.cn:443 "GET /contact/detail/eyJhbGciOiJIUzI1NiIsInR5cCI6IkpXVCJ9.eyJ1IjozMDU2MTA5NSwidCI6ImN0dCIsImxldmVsIjowfQ.3vjd6UGM3-wCm-OOZqwP9-W75JBOMQ33XntD9700a3E HTTP/1.1" 200 8899
20-09-09 22:52-DEBUG-Starting new HTTPS connection (1): maimai.cn:443
20-09-09 22:52-DEBUG-https://maimai.cn:443 "GET /contact/detail/eyJhbGciOiJIUzI1NiIsInR5cCI6IkpXVCJ9.eyJ1IjoyMjkyMjM4NDcsInQiOiJjdHQiLCJsZXZlbCI6MH0.iUL1xExJMUdzsUwzAlovYfx4ZTLhLPEHDlYLwyS7o4Q HTTP/1.1" 200 8577
20-09-09 22:52-INFO-KEYWORD: 字节跳动 数据分析
20-09-09 22:52-INFO-Page 4:
20-09-09 22:52-DEBUG-Starting new HTTPS connection (1): maimai.cn:443
20-09-09 22:52-DEBUG-https://maimai.cn:443 "GET /search/contacts?count=20&page=4&query=%E5%AD%97%E8%8A%82%E8%B7%B3%E5%8A%A8+%E6%95%B0%E6%8D%AE%E5%88%86%E6%9E%90&dist=0&highlight=true&jsononly=1&pc=1 HTTP/1.1" 200 6438
20-09-09 22:52-DEBUG-Starting new HTTPS connection (1): maimai.cn:443
20-09-09 22:52-DEBUG-https://maimai.cn:443 "GET /contact/detail/eyJhbGciOiJIUzI1NiIsInR5cCI6IkpXVCJ9.eyJ1IjoxNTcxOTY5MDUsInQiOiJjdHQiLCJsZXZlbCI6MH0.wTjVQIGnBRHXsOtBFYFCHHrqW9GM0ow3uvAZVU2x2J4 HTTP/1.1" 200 8894
20-09-09 22:52-DEBUG-Starting new HTTPS connection (1): maimai.cn:443
20-09-09 22:52-DEBUG-https://maimai.cn:443 "GET /contact/detail/eyJhbGciOiJIUzI1NiIsInR5cCI6IkpXVCJ9.eyJ1IjoxMTI3MjEyOTgsInQiOiJjdHQiLCJsZXZlbCI6MH0.Sccaf6ctFYKZ2QGI85ZtBOLFbi5g9R9aXHaHDXRBlAo HTTP/1.1" 200 7576
20-09-09 22:53-DEBUG-Starting new HTTPS connection (1): maimai.cn:443
20-09-09 22:53-DEBUG-https://maimai.cn:443 "GET /contact/detail/eyJhbGciOiJIUzI1NiIsInR5cCI6IkpXVCJ9.eyJ1IjoyMjc5MDczNjEsInQiOiJjdHQiLCJsZXZlbCI6MH0.5mT7rTs9myfqjFdFsO0pkTdiqIO9GVjj1-XTCO1ejKg HTTP/1.1" 200 9823
20-09-09 22:53-DEBUG-Starting new HTTPS connection (1): maimai.cn:443
20-09-09 22:53-DEBUG-https://maimai.cn:443 "GET /contact/detail/eyJhbGciOiJIUzI1NiIsInR5cCI6IkpXVCJ9.eyJ1IjozNTI0ODIxMCwidCI6ImN0dCIsImxldmVsIjowfQ.phMxDZIcDHk9ASf7DbHKbHyWWQ__pbktWMAL3vLH5fQ HTTP/1.1" 200 8322
20-09-09 22:53-DEBUG-Starting new HTTPS connection (1): maimai.cn:443
20-09-09 22:53-DEBUG-https://maimai.cn:443 "GET /contact/detail/eyJhbGciOiJIUzI1NiIsInR5cCI6IkpXVCJ9.eyJ1IjoyMjg1Njc0MzUsInQiOiJjdHQiLCJsZXZlbCI6MH0.yaj-9RYuZzxS0hnyzY0oRfRP5RHPICWjzETM47hQnWY HTTP/1.1" 200 8911
20-09-09 22:54-DEBUG-Starting new HTTPS connection (1): maimai.cn:443
20-09-09 22:54-DEBUG-https://maimai.cn:443 "GET /contact/detail/eyJhbGciOiJIUzI1NiIsInR5cCI6IkpXVCJ9.eyJ1IjozMDcwMDE3MiwidCI6ImN0dCIsImxldmVsIjowfQ.x1MqfQtDFG2KhJUlYF-Hb23QGhFzY1kyVf_Tgsdx7p8 HTTP/1.1" 200 8194
20-09-09 22:54-DEBUG-Starting new HTTPS connection (1): maimai.cn:443
20-09-09 22:54-DEBUG-https://maimai.cn:443 "GET /contact/detail/eyJhbGciOiJIUzI1NiIsInR5cCI6IkpXVCJ9.eyJ1IjoxODI4MDY2MjUsInQiOiJjdHQiLCJsZXZlbCI6MH0.5GEwsj52u55OfP3APHnhpjjpKGH02ExToG7meMpq_LM HTTP/1.1" 200 7777
20-09-09 22:54-DEBUG-Starting new HTTPS connection (1): maimai.cn:443
20-09-09 22:54-DEBUG-https://maimai.cn:443 "GET /contact/detail/eyJhbGciOiJIUzI1NiIsInR5cCI6IkpXVCJ9.eyJ1IjoyMzAwMDk0MTcsInQiOiJjdHQiLCJsZXZlbCI6MH0.WnRJjGAhZYoV0B711Q2UpSQutTXIGJ5UTORDfoYNOp4 HTTP/1.1" 200 7339
20-09-09 22:55-DEBUG-Starting new HTTPS connection (1): maimai.cn:443
20-09-09 22:55-DEBUG-https://maimai.cn:443 "GET /contact/detail/eyJhbGciOiJIUzI1NiIsInR5cCI6IkpXVCJ9.eyJ1IjoyMjk2MTY2ODIsInQiOiJjdHQiLCJsZXZlbCI6MH0.TdS_EP-leO0UPNvV5S0M2RtjFZUXVgdenfiD-L6uyPc HTTP/1.1" 200 7478
20-09-09 22:55-DEBUG-Starting new HTTPS connection (1): maimai.cn:443
20-09-09 22:55-DEBUG-https://maimai.cn:443 "GET /contact/detail/eyJhbGciOiJIUzI1NiIsInR5cCI6IkpXVCJ9.eyJ1IjozNjEwNzM2NywidCI6ImN0dCIsImxldmVsIjowfQ.GGKimuy74R_qT880J1iZ95XkA7MDcMGN2xbxeC-ilM4 HTTP/1.1" 200 8301
20-09-09 22:55-DEBUG-Starting new HTTPS connection (1): maimai.cn:443
20-09-09 22:55-DEBUG-https://maimai.cn:443 "GET /contact/detail/eyJhbGciOiJIUzI1NiIsInR5cCI6IkpXVCJ9.eyJ1IjoyMzA4MjEyOTYsInQiOiJjdHQiLCJsZXZlbCI6MH0._Pu84h2VCldxggvLh82CVLHsnBGzAlH8N418qTSeDsw HTTP/1.1" 200 8247
20-09-09 22:55-DEBUG-Starting new HTTPS connection (1): maimai.cn:443
20-09-09 22:55-DEBUG-https://maimai.cn:443 "GET /contact/detail/eyJhbGciOiJIUzI1NiIsInR5cCI6IkpXVCJ9.eyJ1IjoyMjkwNTExNjMsInQiOiJjdHQiLCJsZXZlbCI6MH0.7sRdc7kqFLX7jpt-PzIyMoWtf7y2TEkr1BkSKLK8du4 HTTP/1.1" 200 8130
20-09-09 22:56-DEBUG-Starting new HTTPS connection (1): maimai.cn:443
20-09-09 22:56-DEBUG-https://maimai.cn:443 "GET /contact/detail/eyJhbGciOiJIUzI1NiIsInR5cCI6IkpXVCJ9.eyJ1IjozNzc1ODA1MywidCI6ImN0dCIsImxldmVsIjowfQ.F5DseIxGH5z8TSv2c5tcUrzZWjN2VICmAQ3EW4uEugA HTTP/1.1" 200 8419
20-09-09 22:56-DEBUG-Starting new HTTPS connection (1): maimai.cn:443
20-09-09 22:56-DEBUG-https://maimai.cn:443 "GET /contact/detail/eyJhbGciOiJIUzI1NiIsInR5cCI6IkpXVCJ9.eyJ1IjoyMzA5MTc2NzEsInQiOiJjdHQiLCJsZXZlbCI6MH0.nO_njiaSZjkQI27gKmAPY9aPduAZByJtlsK7LDhe9To HTTP/1.1" 200 8603
20-09-09 22:56-DEBUG-Starting new HTTPS connection (1): maimai.cn:443
20-09-09 22:56-DEBUG-https://maimai.cn:443 "GET /contact/detail/eyJhbGciOiJIUzI1NiIsInR5cCI6IkpXVCJ9.eyJ1IjoyMjY0Njg2MDAsInQiOiJjdHQiLCJsZXZlbCI6MH0.n7dhuFlQsHDYxlUHo8MVWiQgGI_Rq63fOhqHmFTTlBw HTTP/1.1" 200 8752
20-09-09 22:57-DEBUG-Starting new HTTPS connection (1): maimai.cn:443
20-09-09 22:57-DEBUG-https://maimai.cn:443 "GET /contact/detail/eyJhbGciOiJIUzI1NiIsInR5cCI6IkpXVCJ9.eyJ1IjozODQ2MDIwMSwidCI6ImN0dCIsImxldmVsIjowfQ.-dn8OsPHhl_jQLP3zzofilXFfJWvEgrb5lpuTGBLKGs HTTP/1.1" 200 9806
20-09-09 22:57-DEBUG-Starting new HTTPS connection (1): maimai.cn:443
20-09-09 22:57-DEBUG-https://maimai.cn:443 "GET /contact/detail/eyJhbGciOiJIUzI1NiIsInR5cCI6IkpXVCJ9.eyJ1IjozMDYwMDA2MSwidCI6ImN0dCIsImxldmVsIjowfQ.UkoCbugfziFqOrmmb-KkI5T_m0f7qECcTK1JZ5uvUbs HTTP/1.1" 200 8161
20-09-09 22:57-DEBUG-Starting new HTTPS connection (1): maimai.cn:443
20-09-09 22:57-DEBUG-https://maimai.cn:443 "GET /contact/detail/eyJhbGciOiJIUzI1NiIsInR5cCI6IkpXVCJ9.eyJ1IjoyMjgwMTIyODMsInQiOiJjdHQiLCJsZXZlbCI6MH0.XLDDLcYdX8br1bU2ErrAlq_VGGwbILZNTeZ8FyGhIDA HTTP/1.1" 200 7765
20-09-09 22:58-DEBUG-Starting new HTTPS connection (1): maimai.cn:443
20-09-09 22:58-DEBUG-https://maimai.cn:443 "GET /contact/detail/eyJhbGciOiJIUzI1NiIsInR5cCI6IkpXVCJ9.eyJ1IjozMDI0ODUyNiwidCI6ImN0dCIsImxldmVsIjowfQ.5t-iLjsqOXk807plCX0W7y9507aYCNEFFW3oHzPJAHc HTTP/1.1" 200 8961
20-09-09 22:58-DEBUG-Starting new HTTPS connection (1): maimai.cn:443
20-09-09 22:58-DEBUG-https://maimai.cn:443 "GET /contact/detail/eyJhbGciOiJIUzI1NiIsInR5cCI6IkpXVCJ9.eyJ1IjoyMjgyNTQwMTMsInQiOiJjdHQiLCJsZXZlbCI6MH0.EF8obAGFnGIoIvjsvppapbjbi2w7awb2qeCqddQgMa0 HTTP/1.1" 200 8429
20-09-09 22:58-INFO-KEYWORD: 字节跳动 数据分析
20-09-09 22:58-INFO-Page 5:
20-09-09 22:58-DEBUG-Starting new HTTPS connection (1): maimai.cn:443
20-09-09 22:58-DEBUG-https://maimai.cn:443 "GET /search/contacts?count=20&page=5&query=%E5%AD%97%E8%8A%82%E8%B7%B3%E5%8A%A8+%E6%95%B0%E6%8D%AE%E5%88%86%E6%9E%90&dist=0&highlight=true&jsononly=1&pc=1 HTTP/1.1" 200 6287
20-09-09 22:58-DEBUG-Starting new HTTPS connection (1): maimai.cn:443
20-09-09 22:58-DEBUG-https://maimai.cn:443 "GET /contact/detail/eyJhbGciOiJIUzI1NiIsInR5cCI6IkpXVCJ9.eyJ1IjoyMjg4ODczNTAsInQiOiJjdHQiLCJsZXZlbCI6MH0.PVfJkjj9txofRjJgGxWl6NLYufVdyHWnU0-IgCibN8U HTTP/1.1" 200 8014
20-09-09 22:59-DEBUG-Starting new HTTPS connection (1): maimai.cn:443
20-09-09 22:59-DEBUG-https://maimai.cn:443 "GET /contact/detail/eyJhbGciOiJIUzI1NiIsInR5cCI6IkpXVCJ9.eyJ1IjoxNTczMzEyOTcsInQiOiJjdHQiLCJsZXZlbCI6MH0.4H8asHBu2LZFydVKYQ6LrXcpAxPHhZfpbVJDgn5EqM4 HTTP/1.1" 200 8901
20-09-09 22:59-DEBUG-Starting new HTTPS connection (1): maimai.cn:443
20-09-09 22:59-DEBUG-https://maimai.cn:443 "GET /contact/detail/eyJhbGciOiJIUzI1NiIsInR5cCI6IkpXVCJ9.eyJ1IjoyMjc3NzQ4OTEsInQiOiJjdHQiLCJsZXZlbCI6MH0.oMuRWzhJVwDhJDlpYrNObPpLGT-hP9fXt25Prn7x6zs HTTP/1.1" 200 7532
20-09-09 22:59-DEBUG-Starting new HTTPS connection (1): maimai.cn:443
20-09-09 22:59-DEBUG-https://maimai.cn:443 "GET /contact/detail/eyJhbGciOiJIUzI1NiIsInR5cCI6IkpXVCJ9.eyJ1IjoyMzEwNTAwMjYsInQiOiJjdHQiLCJsZXZlbCI6MH0.yS30PNEdFdpNLS8OXIORF38_nenQs4k6WmniAMed_HQ HTTP/1.1" 200 7911
20-09-09 23:00-DEBUG-Starting new HTTPS connection (1): maimai.cn:443
20-09-09 23:00-DEBUG-https://maimai.cn:443 "GET /contact/detail/eyJhbGciOiJIUzI1NiIsInR5cCI6IkpXVCJ9.eyJ1IjoyMzA4MzU3NzgsInQiOiJjdHQiLCJsZXZlbCI6MH0.90zHVkZCchH8XsJ4--fqpYp3JxohEqSZn_qvgDqccyo HTTP/1.1" 200 7336
20-09-09 23:00-DEBUG-Starting new HTTPS connection (1): maimai.cn:443
20-09-09 23:00-DEBUG-https://maimai.cn:443 "GET /contact/detail/eyJhbGciOiJIUzI1NiIsInR5cCI6IkpXVCJ9.eyJ1IjoyMzA3OTE3MjYsInQiOiJjdHQiLCJsZXZlbCI6MH0.BpqSa3QGfjhuTCzjAxwfbmhi9-8BVU4wD2rks-Ztcyc HTTP/1.1" 200 7860
20-09-09 23:00-DEBUG-Starting new HTTPS connection (1): maimai.cn:443
20-09-09 23:00-DEBUG-https://maimai.cn:443 "GET /contact/detail/eyJhbGciOiJIUzI1NiIsInR5cCI6IkpXVCJ9.eyJ1Ijo1ODg0MjMzLCJ0IjoiY3R0IiwibGV2ZWwiOjB9.cAD5aZ4VB5LjVDapn-EwC67cgixlntdyNvZLVrI95fE HTTP/1.1" 200 8950
20-09-09 23:01-DEBUG-Starting new HTTPS connection (1): maimai.cn:443
20-09-09 23:01-DEBUG-https://maimai.cn:443 "GET /contact/detail/eyJhbGciOiJIUzI1NiIsInR5cCI6IkpXVCJ9.eyJ1IjoyMjk4MjM4MjgsInQiOiJjdHQiLCJsZXZlbCI6MH0.AWEHSPoF7_NhK4JxCekG_QCmMA5j7n38BNgEjjRyMCc HTTP/1.1" 200 8778
20-09-09 23:01-DEBUG-Starting new HTTPS connection (1): maimai.cn:443
20-09-09 23:01-DEBUG-https://maimai.cn:443 "GET /contact/detail/eyJhbGciOiJIUzI1NiIsInR5cCI6IkpXVCJ9.eyJ1IjoxNTA2MTY0MTksInQiOiJjdHQiLCJsZXZlbCI6MH0.1SM5Z_FOsb6zBcj78My73hkHMWhhL63OPbcThTyOWew HTTP/1.1" 200 7803
20-09-09 23:01-DEBUG-Starting new HTTPS connection (1): maimai.cn:443
20-09-09 23:01-DEBUG-https://maimai.cn:443 "GET /contact/detail/eyJhbGciOiJIUzI1NiIsInR5cCI6IkpXVCJ9.eyJ1IjoyMjY1MzQ1NTgsInQiOiJjdHQiLCJsZXZlbCI6MH0.T6o5ato9FqmALBpDDLx9wTUzr8tdMnKOVlyftJwjKbc HTTP/1.1" 200 7581
20-09-09 23:02-DEBUG-Starting new HTTPS connection (1): maimai.cn:443
20-09-09 23:02-DEBUG-https://maimai.cn:443 "GET /contact/detail/eyJhbGciOiJIUzI1NiIsInR5cCI6IkpXVCJ9.eyJ1IjoyMjkwMDIwNDEsInQiOiJjdHQiLCJsZXZlbCI6MH0.U6eDEAEKYV3RXR0AWbTzarJdNNDxyCwKQ24GP4aFbTg HTTP/1.1" 200 8579
20-09-09 23:02-DEBUG-Starting new HTTPS connection (1): maimai.cn:443
20-09-09 23:02-DEBUG-https://maimai.cn:443 "GET /contact/detail/eyJhbGciOiJIUzI1NiIsInR5cCI6IkpXVCJ9.eyJ1Ijo2MDEzODc1LCJ0IjoiY3R0IiwibGV2ZWwiOjB9.158Gk2BhSUgUCAyzepr348W8YfUahq6GC0P4teRnTr0 HTTP/1.1" 200 8338
20-09-09 23:02-DEBUG-Starting new HTTPS connection (1): maimai.cn:443
20-09-09 23:02-DEBUG-https://maimai.cn:443 "GET /contact/detail/eyJhbGciOiJIUzI1NiIsInR5cCI6IkpXVCJ9.eyJ1IjoyMjkwODUwMjYsInQiOiJjdHQiLCJsZXZlbCI6MH0.HPAXroLZm_Ivd1J0Gx-6rnfDvbAWSzaxEqj83e_tWlY HTTP/1.1" 200 8304
20-09-09 23:03-DEBUG-Starting new HTTPS connection (1): maimai.cn:443
20-09-09 23:03-DEBUG-https://maimai.cn:443 "GET /contact/detail/eyJhbGciOiJIUzI1NiIsInR5cCI6IkpXVCJ9.eyJ1Ijo1OTIxMTc3LCJ0IjoiY3R0IiwibGV2ZWwiOjB9.5vOlBH7rrbYWWuUkuDseR1pqCSwfZWdFrrkMsDiUqG4 HTTP/1.1" 200 8311
20-09-09 23:03-DEBUG-Starting new HTTPS connection (1): maimai.cn:443
20-09-09 23:03-DEBUG-https://maimai.cn:443 "GET /contact/detail/eyJhbGciOiJIUzI1NiIsInR5cCI6IkpXVCJ9.eyJ1IjoxNDQwODAyMjQsInQiOiJjdHQiLCJsZXZlbCI6MH0.no3gmLv_6d5AhAvzAXHwUcEAUDXr6q6s3F1nLhiccuI HTTP/1.1" 200 8478
20-09-09 23:03-DEBUG-Starting new HTTPS connection (1): maimai.cn:443
20-09-09 23:03-DEBUG-https://maimai.cn:443 "GET /contact/detail/eyJhbGciOiJIUzI1NiIsInR5cCI6IkpXVCJ9.eyJ1IjoyMzEyOTc3NjIsInQiOiJjdHQiLCJsZXZlbCI6MH0.f2CR-Rro-lMLPLctTj-m-HBzaXSQBO1ZWzfVqOBzumQ HTTP/1.1" 200 7566
20-09-09 23:04-DEBUG-Starting new HTTPS connection (1): maimai.cn:443
20-09-09 23:04-DEBUG-https://maimai.cn:443 "GET /contact/detail/eyJhbGciOiJIUzI1NiIsInR5cCI6IkpXVCJ9.eyJ1IjoyMjc5MjAyNDEsInQiOiJjdHQiLCJsZXZlbCI6MH0.xIryU4XdEUs2HVmpVlCJLdNyl3XIEV3jsLUlqrBi28w HTTP/1.1" 200 7494
20-09-09 23:04-DEBUG-Starting new HTTPS connection (1): maimai.cn:443
20-09-09 23:04-DEBUG-https://maimai.cn:443 "GET /contact/detail/eyJhbGciOiJIUzI1NiIsInR5cCI6IkpXVCJ9.eyJ1IjoxOTIzMjA3OTEsInQiOiJjdHQiLCJsZXZlbCI6MH0.0zf_mRWRSbsEjfVjYvOCErxeuFnHZrwL4EBrHCVbONs HTTP/1.1" 200 7984
20-09-09 23:04-DEBUG-Starting new HTTPS connection (1): maimai.cn:443
20-09-09 23:04-DEBUG-https://maimai.cn:443 "GET /contact/detail/eyJhbGciOiJIUzI1NiIsInR5cCI6IkpXVCJ9.eyJ1IjoyMzA2NTA1OTAsInQiOiJjdHQiLCJsZXZlbCI6MH0.YsprOm0-_dxKtJhCmN8CTnL0_uwpBrZ9QU1TbxmMUxk HTTP/1.1" 200 7237
20-09-09 23:04-DEBUG-Starting new HTTPS connection (1): maimai.cn:443
20-09-09 23:04-DEBUG-https://maimai.cn:443 "GET /contact/detail/eyJhbGciOiJIUzI1NiIsInR5cCI6IkpXVCJ9.eyJ1IjoxNjEyOTQ4MzEsInQiOiJjdHQiLCJsZXZlbCI6MH0.TKp5U2L_vuT_6oSxO-Uw7LXesN9VF3TewiBIQFPMLdA HTTP/1.1" 200 7622
20-09-09 23:05-INFO-KEYWORD: 字节跳动 数据分析
20-09-09 23:05-INFO-Page 6:
20-09-09 23:05-DEBUG-Starting new HTTPS connection (1): maimai.cn:443
20-09-09 23:05-DEBUG-https://maimai.cn:443 "GET /search/contacts?count=20&page=6&query=%E5%AD%97%E8%8A%82%E8%B7%B3%E5%8A%A8+%E6%95%B0%E6%8D%AE%E5%88%86%E6%9E%90&dist=0&highlight=true&jsononly=1&pc=1 HTTP/1.1" 200 6329
20-09-09 23:05-DEBUG-Starting new HTTPS connection (1): maimai.cn:443
20-09-09 23:05-DEBUG-https://maimai.cn:443 "GET /contact/detail/eyJhbGciOiJIUzI1NiIsInR5cCI6IkpXVCJ9.eyJ1IjozODU0NTM3MSwidCI6ImN0dCIsImxldmVsIjowfQ.fwK4q7od6-PId5jenoVMKvrUtIGmTL0tMtdGW2t3p9I HTTP/1.1" 200 8714
20-09-09 23:05-DEBUG-Starting new HTTPS connection (1): maimai.cn:443
20-09-09 23:05-DEBUG-https://maimai.cn:443 "GET /contact/detail/eyJhbGciOiJIUzI1NiIsInR5cCI6IkpXVCJ9.eyJ1IjoxNzY4OTY1ODEsInQiOiJjdHQiLCJsZXZlbCI6MH0.Q336r2eSdPSvFSnyOUi8mYGxhKztR2jAYxVGoI8K20g HTTP/1.1" 200 7622
20-09-09 23:05-DEBUG-Starting new HTTPS connection (1): maimai.cn:443
20-09-09 23:05-DEBUG-https://maimai.cn:443 "GET /contact/detail/eyJhbGciOiJIUzI1NiIsInR5cCI6IkpXVCJ9.eyJ1IjoxMDA0NzYxMjQsInQiOiJjdHQiLCJsZXZlbCI6MH0.T6G_EDljeBttcFriuF84kEkV9zpidi-ErtyKB7YDWTE HTTP/1.1" 200 7824
20-09-09 23:06-DEBUG-Starting new HTTPS connection (1): maimai.cn:443
20-09-09 23:06-DEBUG-https://maimai.cn:443 "GET /contact/detail/eyJhbGciOiJIUzI1NiIsInR5cCI6IkpXVCJ9.eyJ1IjoxMzcwMTM4NjIsInQiOiJjdHQiLCJsZXZlbCI6MH0.djZ0y8Sz1_XLOTuM8xqNKS7hNcJunarynNXj9g1O2FM HTTP/1.1" 200 7751
20-09-09 23:06-DEBUG-Starting new HTTPS connection (1): maimai.cn:443
20-09-09 23:06-DEBUG-https://maimai.cn:443 "GET /contact/detail/eyJhbGciOiJIUzI1NiIsInR5cCI6IkpXVCJ9.eyJ1Ijo2ODA4MTExNSwidCI6ImN0dCIsImxldmVsIjowfQ.xOjTr2ZwOCk5h4HwYPztfA2Y7Z5aQwZe32yQFN2jB-0 HTTP/1.1" 200 8025
20-09-09 23:06-DEBUG-Starting new HTTPS connection (1): maimai.cn:443
20-09-09 23:06-DEBUG-https://maimai.cn:443 "GET /contact/detail/eyJhbGciOiJIUzI1NiIsInR5cCI6IkpXVCJ9.eyJ1IjoyMjY5NTgzNDYsInQiOiJjdHQiLCJsZXZlbCI6MH0.SeBDf46cXG3Oi7sd7OBN4zbt9tyTMh8L-0-A9D2apRM HTTP/1.1" 200 8125
20-09-09 23:07-DEBUG-Starting new HTTPS connection (1): maimai.cn:443
20-09-09 23:07-DEBUG-https://maimai.cn:443 "GET /contact/detail/eyJhbGciOiJIUzI1NiIsInR5cCI6IkpXVCJ9.eyJ1IjoxOTk4NTE3MSwidCI6ImN0dCIsImxldmVsIjowfQ.H8ezF3swQMWBW4a25AQVl0Rpe1ncWWTJotRWu14AwrA HTTP/1.1" 200 9670
20-09-09 23:07-DEBUG-Starting new HTTPS connection (1): maimai.cn:443
20-09-09 23:07-DEBUG-https://maimai.cn:443 "GET /contact/detail/eyJhbGciOiJIUzI1NiIsInR5cCI6IkpXVCJ9.eyJ1IjozNTMwNjg4MiwidCI6ImN0dCIsImxldmVsIjowfQ.Fr5ZCkAiTaLWI-Fd501VbUOg_vFB_Lpo57TJLnhHsXA HTTP/1.1" 200 8840
20-09-09 23:07-DEBUG-Starting new HTTPS connection (1): maimai.cn:443
20-09-09 23:07-DEBUG-https://maimai.cn:443 "GET /contact/detail/eyJhbGciOiJIUzI1NiIsInR5cCI6IkpXVCJ9.eyJ1IjoxNDQ2MTkzNTgsInQiOiJjdHQiLCJsZXZlbCI6MH0.uSQHxdaRuALW5Hkw-KX4WkCkSMqRJN7bSiNrQRDZLag HTTP/1.1" 200 7843
20-09-09 23:07-DEBUG-Starting new HTTPS connection (1): maimai.cn:443
20-09-09 23:07-DEBUG-https://maimai.cn:443 "GET /contact/detail/eyJhbGciOiJIUzI1NiIsInR5cCI6IkpXVCJ9.eyJ1IjoxOTQwMDIxNzUsInQiOiJjdHQiLCJsZXZlbCI6MH0.hSeYa_3B-94c-CkqbiyskzrUBUy6MqYF2L_xyJo553g HTTP/1.1" 200 7728
20-09-09 23:08-DEBUG-Starting new HTTPS connection (1): maimai.cn:443
20-09-09 23:08-DEBUG-https://maimai.cn:443 "GET /contact/detail/eyJhbGciOiJIUzI1NiIsInR5cCI6IkpXVCJ9.eyJ1IjoyMzExNjI5MDgsInQiOiJjdHQiLCJsZXZlbCI6MH0.Z77wup-BvyveNXiKOHlqSTa24zJ1tg48yLreEOwyjjQ HTTP/1.1" 200 7364
20-09-09 23:08-DEBUG-Starting new HTTPS connection (1): maimai.cn:443
20-09-09 23:08-DEBUG-https://maimai.cn:443 "GET /contact/detail/eyJhbGciOiJIUzI1NiIsInR5cCI6IkpXVCJ9.eyJ1IjoxOTE1MTQ2MDAsInQiOiJjdHQiLCJsZXZlbCI6MH0.hdY5JnA6TG_vG2FC7-H2Gve4dqf9NYw2Kz4v-j1cPoE HTTP/1.1" 200 7947
20-09-09 23:08-DEBUG-Starting new HTTPS connection (1): maimai.cn:443
20-09-09 23:08-DEBUG-https://maimai.cn:443 "GET /contact/detail/eyJhbGciOiJIUzI1NiIsInR5cCI6IkpXVCJ9.eyJ1Ijo1NTUwOTY2OSwidCI6ImN0dCIsImxldmVsIjowfQ.L_HYXKVXmQ_rkqoLPVQKMX2kIkeWQyF7krF84k8hgOA HTTP/1.1" 200 9196
20-09-09 23:09-DEBUG-Starting new HTTPS connection (1): maimai.cn:443
20-09-09 23:09-DEBUG-https://maimai.cn:443 "GET /contact/detail/eyJhbGciOiJIUzI1NiIsInR5cCI6IkpXVCJ9.eyJ1IjoxOTE0NDg2MjAsInQiOiJjdHQiLCJsZXZlbCI6MH0.XlIIrCbum0o4pbIFkkfRWRRYrNx08KJajU2hwMd9dbI HTTP/1.1" 200 7580
20-09-09 23:09-DEBUG-Starting new HTTPS connection (1): maimai.cn:443
20-09-09 23:09-DEBUG-https://maimai.cn:443 "GET /contact/detail/eyJhbGciOiJIUzI1NiIsInR5cCI6IkpXVCJ9.eyJ1IjoyMjMyMjU0NzUsInQiOiJjdHQiLCJsZXZlbCI6MH0.o7UWBtq78WMA8mFswWAg0xgKvDbSezqR2lnrh8IyG2o HTTP/1.1" 200 9029
20-09-09 23:09-DEBUG-Starting new HTTPS connection (1): maimai.cn:443
20-09-09 23:09-DEBUG-https://maimai.cn:443 "GET /contact/detail/eyJhbGciOiJIUzI1NiIsInR5cCI6IkpXVCJ9.eyJ1IjoxMTg1MDk1MTEsInQiOiJjdHQiLCJsZXZlbCI6MH0.BCb1-qVW_639VNawElsrfVh9wb2N2N-WIahhWMcZwDY HTTP/1.1" 200 8200
20-09-09 23:10-DEBUG-Starting new HTTPS connection (1): maimai.cn:443
20-09-09 23:10-DEBUG-https://maimai.cn:443 "GET /contact/detail/eyJhbGciOiJIUzI1NiIsInR5cCI6IkpXVCJ9.eyJ1IjoyNjI3Mjc2NywidCI6ImN0dCIsImxldmVsIjowfQ.OkidC7DDa6UGU-l2FZHdrGiI42MbJY0SwjLc4vhRW_M HTTP/1.1" 200 9102
20-09-09 23:10-DEBUG-Starting new HTTPS connection (1): maimai.cn:443
20-09-09 23:10-DEBUG-https://maimai.cn:443 "GET /contact/detail/eyJhbGciOiJIUzI1NiIsInR5cCI6IkpXVCJ9.eyJ1IjozNDMwNzg3MSwidCI6ImN0dCIsImxldmVsIjowfQ.f84eI7UxSTobZL9iVEN0foOllcfvgD_e4UGgG3J8gL8 HTTP/1.1" 200 8580
20-09-09 23:10-DEBUG-Starting new HTTPS connection (1): maimai.cn:443
20-09-09 23:10-DEBUG-https://maimai.cn:443 "GET /contact/detail/eyJhbGciOiJIUzI1NiIsInR5cCI6IkpXVCJ9.eyJ1IjoxNDUzMDMwOTcsInQiOiJjdHQiLCJsZXZlbCI6MH0.kREWOeedq98X3sY5ybFrSEM9hBpI_gqz5lL52nD2Fbc HTTP/1.1" 200 9214
20-09-09 23:11-DEBUG-Starting new HTTPS connection (1): maimai.cn:443
20-09-09 23:11-DEBUG-https://maimai.cn:443 "GET /contact/detail/eyJhbGciOiJIUzI1NiIsInR5cCI6IkpXVCJ9.eyJ1IjoyMDc4ODUxNTksInQiOiJjdHQiLCJsZXZlbCI6MH0.wGGD6_41H41ydj6xaFmPL4kMiO6owJMD4_K6GJZ5FLo HTTP/1.1" 200 7775
20-09-09 23:11-INFO-KEYWORD: 字节跳动 数据分析
20-09-09 23:11-INFO-Page 7:
20-09-09 23:11-DEBUG-Starting new HTTPS connection (1): maimai.cn:443
20-09-09 23:11-DEBUG-https://maimai.cn:443 "GET /search/contacts?count=20&page=7&query=%E5%AD%97%E8%8A%82%E8%B7%B3%E5%8A%A8+%E6%95%B0%E6%8D%AE%E5%88%86%E6%9E%90&dist=0&highlight=true&jsononly=1&pc=1 HTTP/1.1" 200 6578
20-09-09 23:11-DEBUG-Starting new HTTPS connection (1): maimai.cn:443
20-09-09 23:11-DEBUG-https://maimai.cn:443 "GET /contact/detail/eyJhbGciOiJIUzI1NiIsInR5cCI6IkpXVCJ9.eyJ1IjoxMzA4NDQ1MTksInQiOiJjdHQiLCJsZXZlbCI6MH0.1CQ2Uao8JuHIjgGPKUSLzzHsCj1E_umSko4IJvfp-Yg HTTP/1.1" 200 8309
20-09-09 23:11-DEBUG-Starting new HTTPS connection (1): maimai.cn:443
20-09-09 23:11-DEBUG-https://maimai.cn:443 "GET /contact/detail/eyJhbGciOiJIUzI1NiIsInR5cCI6IkpXVCJ9.eyJ1IjoyMjE2ODE5MjEsInQiOiJjdHQiLCJsZXZlbCI6MH0.TUwa9JhoJV3gBqPSiRY-DgkrJIUrmDqaRKxYo3G4wvY HTTP/1.1" 200 8223
20-09-09 23:12-DEBUG-Starting new HTTPS connection (1): maimai.cn:443
20-09-09 23:12-DEBUG-https://maimai.cn:443 "GET /contact/detail/eyJhbGciOiJIUzI1NiIsInR5cCI6IkpXVCJ9.eyJ1IjoxODU2MTEwMjQsInQiOiJjdHQiLCJsZXZlbCI6MH0.rt-f8lT_A0QjJwgrvTGtcDeGLNaSM2B_-V2cRHnEUYs HTTP/1.1" 200 8295
20-09-09 23:12-DEBUG-Starting new HTTPS connection (1): maimai.cn:443
20-09-09 23:12-DEBUG-https://maimai.cn:443 "GET /contact/detail/eyJhbGciOiJIUzI1NiIsInR5cCI6IkpXVCJ9.eyJ1IjoyMjc3NzY0OTMsInQiOiJjdHQiLCJsZXZlbCI6MH0.vwBY51pM8NrA2EwQ_GaaldyACBLIjD0rO9QOhPaZG3o HTTP/1.1" 200 8429
20-09-09 23:12-DEBUG-Starting new HTTPS connection (1): maimai.cn:443
20-09-09 23:12-DEBUG-https://maimai.cn:443 "GET /contact/detail/eyJhbGciOiJIUzI1NiIsInR5cCI6IkpXVCJ9.eyJ1IjoyMzAxMDkxNjMsInQiOiJjdHQiLCJsZXZlbCI6MH0.U7-bR7dKIDYN-luTgl2hDGCyA5SBYw58yNkpC3Mk77I HTTP/1.1" 200 7892
20-09-09 23:13-DEBUG-Starting new HTTPS connection (1): maimai.cn:443
20-09-09 23:13-DEBUG-https://maimai.cn:443 "GET /contact/detail/eyJhbGciOiJIUzI1NiIsInR5cCI6IkpXVCJ9.eyJ1IjoyMjcyMzAwNDksInQiOiJjdHQiLCJsZXZlbCI6MH0.JJfwqhC9RC1LoYMCw_7W5agWhMbwmcPURv_NIoxhhVE HTTP/1.1" 200 8026
20-09-09 23:13-DEBUG-Starting new HTTPS connection (1): maimai.cn:443
20-09-09 23:13-DEBUG-https://maimai.cn:443 "GET /contact/detail/eyJhbGciOiJIUzI1NiIsInR5cCI6IkpXVCJ9.eyJ1IjoyMjQ1OTgxMDksInQiOiJjdHQiLCJsZXZlbCI6MH0.VPp5SBHESVu4goKXxxFmJRtMpeDk4wLut4eCT697Bog HTTP/1.1" 200 7694
20-09-09 23:13-DEBUG-Starting new HTTPS connection (1): maimai.cn:443
20-09-09 23:13-DEBUG-https://maimai.cn:443 "GET /contact/detail/eyJhbGciOiJIUzI1NiIsInR5cCI6IkpXVCJ9.eyJ1IjoxODI4NDM3NTEsInQiOiJjdHQiLCJsZXZlbCI6MH0.NLY37T57z8WgP5k-6mw2tgGLniNAYEIaGUlEkVocEPk HTTP/1.1" 200 7720
20-09-09 23:13-DEBUG-Starting new HTTPS connection (1): maimai.cn:443
20-09-09 23:13-DEBUG-https://maimai.cn:443 "GET /contact/detail/eyJhbGciOiJIUzI1NiIsInR5cCI6IkpXVCJ9.eyJ1IjoxNTk2Njk0LCJ0IjoiY3R0IiwibGV2ZWwiOjB9.2hSkpWSsIwUtu99EVWff62Qqmlsh5Snjea8bZD_MUwc HTTP/1.1" 200 9115
20-09-09 23:14-DEBUG-Starting new HTTPS connection (1): maimai.cn:443
20-09-09 23:14-DEBUG-https://maimai.cn:443 "GET /contact/detail/eyJhbGciOiJIUzI1NiIsInR5cCI6IkpXVCJ9.eyJ1IjoxMTY0OTA1MjksInQiOiJjdHQiLCJsZXZlbCI6MH0.6eUG8607QbJ2f4PBAHIi1DkG2fgFyZmBru2PpdFq1UU HTTP/1.1" 200 8105
20-09-09 23:14-DEBUG-Starting new HTTPS connection (1): maimai.cn:443
20-09-09 23:14-DEBUG-https://maimai.cn:443 "GET /contact/detail/eyJhbGciOiJIUzI1NiIsInR5cCI6IkpXVCJ9.eyJ1IjoyMjgzMDkwNzQsInQiOiJjdHQiLCJsZXZlbCI6MH0.JvpWvkXD2RJiQdCRxiBUkfedBfeNenC-9rXL-ezSu0E HTTP/1.1" 200 8096
